<?xml version="1.0" encoding="UTF-8"?>
<testng-results skipped="0" failed="0" ignored="0" total="1" passed="1">
  <reporter-output>
  </reporter-output>
  <suite name="Default suite" duration-ms="81" started-at="2019-08-26T17:46:11Z" finished-at="2019-08-26T17:46:11Z">
    <groups>
    </groups>
    <test name="Default test" duration-ms="81" started-at="2019-08-26T17:46:11Z" finished-at="2019-08-26T17:46:11Z">
      <class name="sample.NewTest">
        <test-method status="PASS" signature="f()[pri:0, instance:sample.NewTest@13f2bb1]" name="f" duration-ms="17" started-at="2019-08-26T17:46:11Z" finished-at="2019-08-26T17:46:11Z">
          <reporter-output>
          </reporter-output>
        </test-method> <!-- f -->
      </class> <!-- sample.NewTest -->
    </test> <!-- Default test -->
  </suite> <!-- Default suite -->
</testng-results>
